Using pre-set license
Built from '2020.3/release' branch; Version is '2020.3.7f1 (dd97f2c94397) revision 14522354'; Using compiler version '192528614'; Build Type 'Release'
OS: 'Windows 10 Pro; OS build 19043.1706; Version 2009; 64bit' Language: 'ru' Physical Memory: 7874 MB
BatchMode: 1, IsHumanControllingUs: 0, StartBugReporterOnCrash: 0, Is64bit: 1, IsPro: 0

 COMMAND LINE ARGUMENTS:
E:\UnityHubVersions\2020.3.7f1\Editor\Unity.exe
-adb2
-batchMode
-noUpm
-name
AssetImportWorker0
-projectPath
C:/Users/Илья/Documents/GitHub/Unity_TPRI_Project/WindyRainyGame
-logFile
Logs/AssetImportWorker0.log
-srvPort
53678
Successfully changed project path to: C:/Users/Илья/Documents/GitHub/Unity_TPRI_Project/WindyRainyGame
C:/Users/Илья/Documents/GitHub/Unity_TPRI_Project/WindyRainyGame
Using Asset Import Pipeline V2.
Refreshing native plugins compatible for Editor in 44.37 ms, found 1 plugins.
Preloading 0 native plugins for Editor in 0.00 ms.
Initialize engine version: 2020.3.7f1 (dd97f2c94397)
[Subsystems] Discovering subsystems at path E:/UnityHubVersions/2020.3.7f1/Editor/Data/Resources/UnitySubsystems
[Subsystems] Discovering subsystems at path C:/Users/Илья/Documents/GitHub/Unity_TPRI_Project/WindyRainyGame/Assets
GfxDevice: creating device client; threaded=0
Direct3D:
    Version:  Direct3D 11.0 [level 11.1]
    Renderer: Radeon RX 560X (ID=0x67ef)
    Vendor:   
    VRAM:     4074 MB
    Driver:   30.0.15021.11005
Initialize mono
Mono path[0] = 'E:/UnityHubVersions/2020.3.7f1/Editor/Data/Managed'
Mono path[1] = 'E:/UnityHubVersions/2020.3.7f1/Editor/Data/MonoBleedingEdge/lib/mono/unityjit'
Mono config path = 'E:/UnityHubVersions/2020.3.7f1/Editor/Data/MonoBleedingEdge/etc'
Using monoOptions --debugger-agent=transport=dt_socket,embedding=1,server=y,suspend=n,address=127.0.0.1:56744
Begin MonoManager ReloadAssembly
Registering precompiled unity dll's ...
Register platform support module: E:/UnityHubVersions/2020.3.7f1/Editor/Data/PlaybackEngines/WindowsStandaloneSupport/UnityEditor.WindowsStandalone.Extensions.dll
Registered in 0.001283 seconds.
Native extension for WindowsStandalone target not found
Refreshing native plugins compatible for Editor in 50.15 ms, found 1 plugins.
Preloading 0 native plugins for Editor in 0.00 ms.
Mono: successfully reloaded assembly
- Completed reload, in  1.933 seconds
Platform modules already initialized, skipping
Registering precompiled user dll's ...
Registered in 0.001344 seconds.
Begin MonoManager ReloadAssembly
Native extension for WindowsStandalone target not found
Refreshing native plugins compatible for Editor in 69.38 ms, found 1 plugins.
Preloading 0 native plugins for Editor in 0.00 ms.
Mono: successfully reloaded assembly
- Completed reload, in  1.743 seconds
Platform modules already initialized, skipping
========================================================================
Worker process is ready to serve import requests
Launched and connected shader compiler UnityShaderCompiler.exe after 0.08 seconds
Refreshing native plugins compatible for Editor in 0.81 ms, found 1 plugins.
Preloading 0 native plugins for Editor in 0.00 ms.
Unloading 1858 Unused Serialized files (Serialized files now loaded: 0)
System memory in use before: 88.1 MB.
System memory in use after: 88.2 MB.

Unloading 19 unused Assets to reduce memory usage. Loaded Objects now: 2308.
Total: 5.797200 ms (FindLiveObjects: 1.523700 ms CreateObjectMapping: 0.169000 ms MarkObjects: 3.988200 ms  DeleteObjects: 0.113600 ms)

========================================================================
Received Import Request.
  path: Assets/Fonts/Neucha Ruasset.asset
  artifactKey: Guid(13585e639496ad04fa7ffcb47b904d50) Importer(815301076,1909f56bfc062723c751e8b465ee728b)
Start importing Assets/Fonts/Neucha Ruasset.asset using Guid(13585e639496ad04fa7ffcb47b904d50) Importer(815301076,1909f56bfc062723c751e8b465ee728b)  -> (artifact id: '53d555209f3a358e40c4a17bfcfde976') in 0.239027 seconds
  Import took 0.243906 seconds .

========================================================================
Received Import Request.
  Time since last request: 0.000430 seconds.
  path: Assets/Fonts/FOnt.asset
  artifactKey: Guid(8f586378b4e144a9851e7b34d9b748ee) Importer(815301076,1909f56bfc062723c751e8b465ee728b)
Start importing Assets/Fonts/FOnt.asset using Guid(8f586378b4e144a9851e7b34d9b748ee) Importer(815301076,1909f56bfc062723c751e8b465ee728b)  -> (artifact id: 'e1a8e085a063cd21dff9e6d3fdedf182') in 0.066065 seconds
  Import took 0.070820 seconds .

========================================================================
Received Import Request.
  Time since last request: 0.000281 seconds.
  path: Assets/Fonts/FontOutlined.asset
  artifactKey: Guid(d51afd12e19ff754a84719ba483688aa) Importer(815301076,1909f56bfc062723c751e8b465ee728b)
Start importing Assets/Fonts/FontOutlined.asset using Guid(d51afd12e19ff754a84719ba483688aa) Importer(815301076,1909f56bfc062723c751e8b465ee728b)  -> (artifact id: '9628aa724559930b138ef0fb6f82a4bc') in 0.076370 seconds
  Import took 0.081271 seconds .

========================================================================
Received Import Request.
  Time since last request: 4.867318 seconds.
  path: Assets/Scenes/MainMenu.unity
  artifactKey: Guid(c882361da33579942bd2fa9116148b1c) Importer(815301076,1909f56bfc062723c751e8b465ee728b)
Start importing Assets/Scenes/MainMenu.unity using Guid(c882361da33579942bd2fa9116148b1c) Importer(815301076,1909f56bfc062723c751e8b465ee728b)  -> (artifact id: '2ec8c870dc76aea5ed056e8fcdfaef77') in 0.010547 seconds
  Import took 0.014662 seconds .

========================================================================
Received Import Request.
  Time since last request: 0.013066 seconds.
  path: Assets/Scenes/MainMenu.unity
  artifactKey: Guid(c882361da33579942bd2fa9116148b1c) Importer(815301076,1909f56bfc062723c751e8b465ee728b)
Start importing Assets/Scenes/MainMenu.unity using Guid(c882361da33579942bd2fa9116148b1c) Importer(815301076,1909f56bfc062723c751e8b465ee728b)  -> (artifact id: '2ec8c870dc76aea5ed056e8fcdfaef77') in 0.003737 seconds
  Import took 0.007681 seconds .

========================================================================
Received Prepare
Registering precompiled user dll's ...
Registered in 0.001439 seconds.
Begin MonoManager ReloadAssembly
Native extension for WindowsStandalone target not found
Refreshing native plugins compatible for Editor in 0.45 ms, found 1 plugins.
Preloading 0 native plugins for Editor in 0.00 ms.
Mono: successfully reloaded assembly
- Completed reload, in  1.103 seconds
Platform modules already initialized, skipping
Switching build target platform(5) subTarget(0) extendedPlatform(0) -> platform(13) subTarget(537395200) extendedPlatform(0)
Refreshing native plugins compatible for Editor in 0.46 ms, found 1 plugins.
Preloading 0 native plugins for Editor in 0.00 ms.
Unloading 1838 Unused Serialized files (Serialized files now loaded: 0)
System memory in use before: 89.5 MB.
System memory in use after: 89.6 MB.

Unloading 7 unused Assets to reduce memory usage. Loaded Objects now: 2354.
Total: 3.167700 ms (FindLiveObjects: 0.303600 ms CreateObjectMapping: 0.077800 ms MarkObjects: 2.756400 ms  DeleteObjects: 0.027900 ms)

AssetImportParameters requested are different than current active one (requested -> active):
  custom:graphics/normal-map-encoding: 01000000000000000000000000000000 -> 02000000000000000000000000000000
========================================================================
Received Prepare
Registering precompiled user dll's ...
Registered in 0.001310 seconds.
Begin MonoManager ReloadAssembly
Native extension for WindowsStandalone target not found
Refreshing native plugins compatible for Editor in 0.49 ms, found 1 plugins.
Preloading 0 native plugins for Editor in 0.00 ms.
Mono: successfully reloaded assembly
- Completed reload, in  1.400 seconds
Platform modules already initialized, skipping
Switching build target platform(5) subTarget(0) extendedPlatform(0) -> platform(13) subTarget(537395200) extendedPlatform(0)
Refreshing native plugins compatible for Editor in 0.43 ms, found 1 plugins.
Preloading 0 native plugins for Editor in 0.00 ms.
Unloading 1838 Unused Serialized files (Serialized files now loaded: 0)
System memory in use before: 89.5 MB.
System memory in use after: 89.6 MB.

Unloading 7 unused Assets to reduce memory usage. Loaded Objects now: 2358.
Total: 3.454400 ms (FindLiveObjects: 0.278200 ms CreateObjectMapping: 0.075000 ms MarkObjects: 3.078200 ms  DeleteObjects: 0.021200 ms)

AssetImportParameters requested are different than current active one (requested -> active):
  custom:graphics/normal-map-encoding: 01000000000000000000000000000000 -> 02000000000000000000000000000000
========================================================================
Received Prepare
Registering precompiled user dll's ...
Registered in 0.001550 seconds.
Begin MonoManager ReloadAssembly
Native extension for WindowsStandalone target not found
Refreshing native plugins compatible for Editor in 0.43 ms, found 1 plugins.
Preloading 0 native plugins for Editor in 0.00 ms.
Mono: successfully reloaded assembly
- Completed reload, in  1.084 seconds
Platform modules already initialized, skipping
Switching build target platform(5) subTarget(0) extendedPlatform(0) -> platform(13) subTarget(537395200) extendedPlatform(0)
Refreshing native plugins compatible for Editor in 0.46 ms, found 1 plugins.
Preloading 0 native plugins for Editor in 0.00 ms.
Unloading 1838 Unused Serialized files (Serialized files now loaded: 0)
System memory in use before: 89.5 MB.
System memory in use after: 89.7 MB.

Unloading 7 unused Assets to reduce memory usage. Loaded Objects now: 2362.
Total: 2.838300 ms (FindLiveObjects: 0.300900 ms CreateObjectMapping: 0.059300 ms MarkObjects: 2.454300 ms  DeleteObjects: 0.022300 ms)

AssetImportParameters requested are different than current active one (requested -> active):
  custom:graphics/normal-map-encoding: 01000000000000000000000000000000 -> 02000000000000000000000000000000
========================================================================
Received Prepare
Registering precompiled user dll's ...
Registered in 0.001321 seconds.
Begin MonoManager ReloadAssembly
Native extension for WindowsStandalone target not found
Refreshing native plugins compatible for Editor in 0.51 ms, found 1 plugins.
Preloading 0 native plugins for Editor in 0.00 ms.
Mono: successfully reloaded assembly
- Completed reload, in  1.075 seconds
Platform modules already initialized, skipping
Switching build target platform(5) subTarget(0) extendedPlatform(0) -> platform(13) subTarget(537395200) extendedPlatform(0)
Refreshing native plugins compatible for Editor in 0.42 ms, found 1 plugins.
Preloading 0 native plugins for Editor in 0.00 ms.
Unloading 1838 Unused Serialized files (Serialized files now loaded: 0)
System memory in use before: 89.6 MB.
System memory in use after: 89.7 MB.

Unloading 7 unused Assets to reduce memory usage. Loaded Objects now: 2366.
Total: 2.917000 ms (FindLiveObjects: 0.278900 ms CreateObjectMapping: 0.066100 ms MarkObjects: 2.547900 ms  DeleteObjects: 0.022200 ms)

AssetImportParameters requested are different than current active one (requested -> active):
  custom:graphics/normal-map-encoding: 01000000000000000000000000000000 -> 02000000000000000000000000000000
========================================================================
Received Import Request.
  Time since last request: 184.652288 seconds.
  path: Assets/Scenes/MainMenu.unity
  artifactKey: Guid(c882361da33579942bd2fa9116148b1c) Importer(815301076,1909f56bfc062723c751e8b465ee728b)
Start importing Assets/Scenes/MainMenu.unity using Guid(c882361da33579942bd2fa9116148b1c) Importer(815301076,1909f56bfc062723c751e8b465ee728b)  -> (artifact id: '7ebf50cc2beaa864f72e30f0a7f4027f') in 0.015818 seconds
  Import took 0.019549 seconds .

========================================================================
Received Import Request.
  Time since last request: 0.015565 seconds.
  path: Assets/Scenes/MainMenu.unity
  artifactKey: Guid(c882361da33579942bd2fa9116148b1c) Importer(815301076,1909f56bfc062723c751e8b465ee728b)
Start importing Assets/Scenes/MainMenu.unity using Guid(c882361da33579942bd2fa9116148b1c) Importer(815301076,1909f56bfc062723c751e8b465ee728b)  -> (artifact id: '7ebf50cc2beaa864f72e30f0a7f4027f') in 0.004064 seconds
  Import took 0.008274 seconds .

========================================================================
Received Prepare
Registering precompiled user dll's ...
Registered in 0.001624 seconds.
Begin MonoManager ReloadAssembly
Native extension for WindowsStandalone target not found
Refreshing native plugins compatible for Editor in 0.71 ms, found 1 plugins.
Preloading 0 native plugins for Editor in 0.00 ms.
Mono: successfully reloaded assembly
- Completed reload, in  1.085 seconds
Platform modules already initialized, skipping
Switching build target platform(5) subTarget(0) extendedPlatform(0) -> platform(13) subTarget(537395200) extendedPlatform(0)
Refreshing native plugins compatible for Editor in 0.42 ms, found 1 plugins.
Preloading 0 native plugins for Editor in 0.00 ms.
Unloading 1838 Unused Serialized files (Serialized files now loaded: 0)
System memory in use before: 89.6 MB.
System memory in use after: 89.7 MB.

Unloading 7 unused Assets to reduce memory usage. Loaded Objects now: 2370.
Total: 3.075700 ms (FindLiveObjects: 0.279600 ms CreateObjectMapping: 0.066400 ms MarkObjects: 2.703600 ms  DeleteObjects: 0.024200 ms)

AssetImportParameters requested are different than current active one (requested -> active):
  custom:graphics/normal-map-encoding: 01000000000000000000000000000000 -> 02000000000000000000000000000000
========================================================================
Received Prepare
Registering precompiled user dll's ...
Registered in 0.001273 seconds.
Begin MonoManager ReloadAssembly
Native extension for WindowsStandalone target not found
Refreshing native plugins compatible for Editor in 0.58 ms, found 1 plugins.
Preloading 0 native plugins for Editor in 0.00 ms.
Mono: successfully reloaded assembly
- Completed reload, in  1.764 seconds
Platform modules already initialized, skipping
Switching build target platform(5) subTarget(0) extendedPlatform(0) -> platform(13) subTarget(537395200) extendedPlatform(0)
Refreshing native plugins compatible for Editor in 0.84 ms, found 1 plugins.
Preloading 0 native plugins for Editor in 0.00 ms.
Unloading 1838 Unused Serialized files (Serialized files now loaded: 0)
System memory in use before: 89.6 MB.
System memory in use after: 89.7 MB.

Unloading 7 unused Assets to reduce memory usage. Loaded Objects now: 2374.
Total: 13.096000 ms (FindLiveObjects: 1.087900 ms CreateObjectMapping: 0.319100 ms MarkObjects: 11.572100 ms  DeleteObjects: 0.110300 ms)

AssetImportParameters requested are different than current active one (requested -> active):
  custom:graphics/normal-map-encoding: 01000000000000000000000000000000 -> 02000000000000000000000000000000
========================================================================
Received Prepare
Registering precompiled user dll's ...
Registered in 0.001656 seconds.
Begin MonoManager ReloadAssembly
Native extension for WindowsStandalone target not found
Refreshing native plugins compatible for Editor in 0.55 ms, found 1 plugins.
Preloading 0 native plugins for Editor in 0.00 ms.
Mono: successfully reloaded assembly
- Completed reload, in  1.096 seconds
Platform modules already initialized, skipping
Switching build target platform(5) subTarget(0) extendedPlatform(0) -> platform(13) subTarget(537395200) extendedPlatform(0)
Refreshing native plugins compatible for Editor in 0.52 ms, found 1 plugins.
Preloading 0 native plugins for Editor in 0.00 ms.
Unloading 1838 Unused Serialized files (Serialized files now loaded: 0)
System memory in use before: 89.6 MB.
System memory in use after: 89.7 MB.

Unloading 7 unused Assets to reduce memory usage. Loaded Objects now: 2378.
Total: 2.940200 ms (FindLiveObjects: 0.287200 ms CreateObjectMapping: 0.068200 ms MarkObjects: 2.561000 ms  DeleteObjects: 0.022300 ms)

AssetImportParameters requested are different than current active one (requested -> active):
  custom:graphics/normal-map-encoding: 01000000000000000000000000000000 -> 02000000000000000000000000000000
========================================================================
Received Prepare
Registering precompiled user dll's ...
Registered in 0.001497 seconds.
Begin MonoManager ReloadAssembly
Native extension for WindowsStandalone target not found
Refreshing native plugins compatible for Editor in 0.45 ms, found 1 plugins.
Preloading 0 native plugins for Editor in 0.00 ms.
Mono: successfully reloaded assembly
- Completed reload, in  1.068 seconds
Platform modules already initialized, skipping
Switching build target platform(5) subTarget(0) extendedPlatform(0) -> platform(13) subTarget(537395200) extendedPlatform(0)
Refreshing native plugins compatible for Editor in 0.43 ms, found 1 plugins.
Preloading 0 native plugins for Editor in 0.00 ms.
Unloading 1838 Unused Serialized files (Serialized files now loaded: 0)
System memory in use before: 89.6 MB.
System memory in use after: 89.7 MB.

Unloading 7 unused Assets to reduce memory usage. Loaded Objects now: 2382.
Total: 3.080600 ms (FindLiveObjects: 0.278900 ms CreateObjectMapping: 0.069600 ms MarkObjects: 2.707300 ms  DeleteObjects: 0.023200 ms)

AssetImportParameters requested are different than current active one (requested -> active):
  custom:graphics/normal-map-encoding: 01000000000000000000000000000000 -> 02000000000000000000000000000000
========================================================================
Received Prepare
Registering precompiled user dll's ...
Registered in 0.001224 seconds.
Begin MonoManager ReloadAssembly
Native extension for WindowsStandalone target not found
Refreshing native plugins compatible for Editor in 0.73 ms, found 1 plugins.
Preloading 0 native plugins for Editor in 0.00 ms.
Mono: successfully reloaded assembly
- Completed reload, in  1.519 seconds
Platform modules already initialized, skipping
Switching build target platform(5) subTarget(0) extendedPlatform(0) -> platform(13) subTarget(537395200) extendedPlatform(0)
Refreshing native plugins compatible for Editor in 0.70 ms, found 1 plugins.
Preloading 0 native plugins for Editor in 0.00 ms.
Unloading 1838 Unused Serialized files (Serialized files now loaded: 0)
System memory in use before: 89.6 MB.
System memory in use after: 89.7 MB.

Unloading 7 unused Assets to reduce memory usage. Loaded Objects now: 2386.
Total: 4.469500 ms (FindLiveObjects: 0.374200 ms CreateObjectMapping: 0.124800 ms MarkObjects: 3.900500 ms  DeleteObjects: 0.067900 ms)

AssetImportParameters requested are different than current active one (requested -> active):
  custom:graphics/normal-map-encoding: 01000000000000000000000000000000 -> 02000000000000000000000000000000
========================================================================
Received Prepare
Registering precompiled user dll's ...
Registered in 0.001306 seconds.
Begin MonoManager ReloadAssembly
Native extension for WindowsStandalone target not found
Refreshing native plugins compatible for Editor in 0.63 ms, found 1 plugins.
Preloading 0 native plugins for Editor in 0.00 ms.
Mono: successfully reloaded assembly
- Completed reload, in  1.537 seconds
Platform modules already initialized, skipping
Switching build target platform(5) subTarget(0) extendedPlatform(0) -> platform(13) subTarget(537395200) extendedPlatform(0)
Refreshing native plugins compatible for Editor in 1.21 ms, found 1 plugins.
Preloading 0 native plugins for Editor in 0.00 ms.
Unloading 1838 Unused Serialized files (Serialized files now loaded: 0)
System memory in use before: 89.6 MB.
System memory in use after: 89.7 MB.

Unloading 7 unused Assets to reduce memory usage. Loaded Objects now: 2390.
Total: 4.819200 ms (FindLiveObjects: 0.700200 ms CreateObjectMapping: 0.221500 ms MarkObjects: 3.873900 ms  DeleteObjects: 0.020900 ms)

AssetImportParameters requested are different than current active one (requested -> active):
  custom:graphics/normal-map-encoding: 01000000000000000000000000000000 -> 02000000000000000000000000000000
========================================================================
Received Prepare
Registering precompiled user dll's ...
Registered in 0.001556 seconds.
Begin MonoManager ReloadAssembly
Native extension for WindowsStandalone target not found
Refreshing native plugins compatible for Editor in 0.52 ms, found 1 plugins.
Preloading 0 native plugins for Editor in 0.00 ms.
Mono: successfully reloaded assembly
- Completed reload, in  1.109 seconds
Platform modules already initialized, skipping
Switching build target platform(5) subTarget(0) extendedPlatform(0) -> platform(13) subTarget(537395200) extendedPlatform(0)
Refreshing native plugins compatible for Editor in 0.47 ms, found 1 plugins.
Preloading 0 native plugins for Editor in 0.00 ms.
Unloading 1838 Unused Serialized files (Serialized files now loaded: 0)
System memory in use before: 89.6 MB.
System memory in use after: 89.7 MB.

Unloading 7 unused Assets to reduce memory usage. Loaded Objects now: 2394.
Total: 3.340700 ms (FindLiveObjects: 0.352000 ms CreateObjectMapping: 0.087000 ms MarkObjects: 2.879400 ms  DeleteObjects: 0.020600 ms)

AssetImportParameters requested are different than current active one (requested -> active):
  custom:graphics/normal-map-encoding: 01000000000000000000000000000000 -> 02000000000000000000000000000000
========================================================================
Received Import Request.
  Time since last request: 611.623706 seconds.
  path: Assets/Resources/SkinPrefabs/SelectedSkin.prefab
  artifactKey: Guid(d380ecdb3280a5943a0c7cef0ced7ae8) Importer(815301076,1909f56bfc062723c751e8b465ee728b)
Start importing Assets/Resources/SkinPrefabs/SelectedSkin.prefab using Guid(d380ecdb3280a5943a0c7cef0ced7ae8) Importer(815301076,1909f56bfc062723c751e8b465ee728b)  -> (artifact id: 'e27e997d9b16b5c18645b6a9a82ea605') in 0.084102 seconds
  Import took 0.089547 seconds .

========================================================================
Received Import Request.
  Time since last request: 0.334950 seconds.
  path: Assets/Prefabs v 1.0/[INRTERFACE].prefab
  artifactKey: Guid(86037451264e89842a88ef942d3f77b1) Importer(815301076,1909f56bfc062723c751e8b465ee728b)
Start importing Assets/Prefabs v 1.0/[INRTERFACE].prefab using Guid(86037451264e89842a88ef942d3f77b1) Importer(815301076,1909f56bfc062723c751e8b465ee728b)  -> (artifact id: '8ac6d753b9fed9ef923d72ff32d5473c') in 0.126757 seconds
  Import took 0.131763 seconds .

========================================================================
Received Import Request.
  Time since last request: 0.000359 seconds.
  path: Assets/Prefabs v 1.0/LevelController.prefab
  artifactKey: Guid(80497c9743c677245a5052003bc1ced5) Importer(815301076,1909f56bfc062723c751e8b465ee728b)
Start importing Assets/Prefabs v 1.0/LevelController.prefab using Guid(80497c9743c677245a5052003bc1ced5) Importer(815301076,1909f56bfc062723c751e8b465ee728b)  -> (artifact id: 'c60714c61e2bb5e212e9261cf810ed45') in 0.013977 seconds
  Import took 0.018101 seconds .

========================================================================
Received Import Request.
  Time since last request: 0.000275 seconds.
  path: Assets/Prefabs v 1.0/Tasks.prefab
  artifactKey: Guid(8e0dec4df1e42e84d899a8f7647e7848) Importer(815301076,1909f56bfc062723c751e8b465ee728b)
Start importing Assets/Prefabs v 1.0/Tasks.prefab using Guid(8e0dec4df1e42e84d899a8f7647e7848) Importer(815301076,1909f56bfc062723c751e8b465ee728b)  -> (artifact id: '242f6870fbc00f85e12f9d1633f55ced') in 0.052765 seconds
  Import took 0.057963 seconds .

========================================================================
Received Import Request.
  Time since last request: 0.000288 seconds.
  path: Assets/Prefabs v 1.0/StarCounter.prefab
  artifactKey: Guid(350b7d2e11d3c6b47a2b914ece7a3a03) Importer(815301076,1909f56bfc062723c751e8b465ee728b)
Start importing Assets/Prefabs v 1.0/StarCounter.prefab using Guid(350b7d2e11d3c6b47a2b914ece7a3a03) Importer(815301076,1909f56bfc062723c751e8b465ee728b)  -> (artifact id: '4110230f89ce50cee4d8da4d4a3072e6') in 0.012830 seconds
  Import took 0.017558 seconds .

========================================================================
Received Prepare
Registering precompiled user dll's ...
Registered in 0.001292 seconds.
Begin MonoManager ReloadAssembly
Native extension for WindowsStandalone target not found
Refreshing native plugins compatible for Editor in 0.44 ms, found 1 plugins.
Preloading 0 native plugins for Editor in 0.00 ms.
Mono: successfully reloaded assembly
- Completed reload, in  1.128 seconds
Platform modules already initialized, skipping
Switching build target platform(5) subTarget(0) extendedPlatform(0) -> platform(13) subTarget(537395200) extendedPlatform(0)
Refreshing native plugins compatible for Editor in 0.44 ms, found 1 plugins.
Preloading 0 native plugins for Editor in 0.00 ms.
Unloading 1838 Unused Serialized files (Serialized files now loaded: 0)
System memory in use before: 89.7 MB.
System memory in use after: 89.8 MB.

Unloading 11 unused Assets to reduce memory usage. Loaded Objects now: 2399.
Total: 3.245600 ms (FindLiveObjects: 0.263400 ms CreateObjectMapping: 0.052500 ms MarkObjects: 2.885000 ms  DeleteObjects: 0.043200 ms)

AssetImportParameters requested are different than current active one (requested -> active):
  custom:graphics/normal-map-encoding: 01000000000000000000000000000000 -> 02000000000000000000000000000000
========================================================================
Received Import Request.
  Time since last request: 76.692067 seconds.
  path: Assets/Scripts/UnknownCloud.cs
  artifactKey: Guid(de5d1e4035a87614381e4878f2d50b96) Importer(815301076,1909f56bfc062723c751e8b465ee728b)
Start importing Assets/Scripts/UnknownCloud.cs using Guid(de5d1e4035a87614381e4878f2d50b96) Importer(815301076,1909f56bfc062723c751e8b465ee728b)  -> (artifact id: '406fc79af068d850eb96414f29a74ae8') in 0.018458 seconds
  Import took 0.022569 seconds .

========================================================================
Received Import Request.
  Time since last request: 0.002931 seconds.
  path: Assets/Scripts/UnknownCloud.cs
  artifactKey: Guid(de5d1e4035a87614381e4878f2d50b96) Importer(815301076,1909f56bfc062723c751e8b465ee728b)
Start importing Assets/Scripts/UnknownCloud.cs using Guid(de5d1e4035a87614381e4878f2d50b96) Importer(815301076,1909f56bfc062723c751e8b465ee728b)  -> (artifact id: '406fc79af068d850eb96414f29a74ae8') in 0.003763 seconds
  Import took 0.008007 seconds .

========================================================================
Received Import Request.
  Time since last request: 0.295783 seconds.
  path: Assets/Scripts/TaskMenu.cs
  artifactKey: Guid(ca1762a9209b176469d46f600438afc8) Importer(815301076,1909f56bfc062723c751e8b465ee728b)
Start importing Assets/Scripts/TaskMenu.cs using Guid(ca1762a9209b176469d46f600438afc8) Importer(815301076,1909f56bfc062723c751e8b465ee728b)  -> (artifact id: '8de718462e04eca10be10ca66f042842') in 0.010138 seconds
  Import took 0.014649 seconds .

========================================================================
Received Import Request.
  Time since last request: 0.002093 seconds.
  path: Assets/Scripts/TaskMenu.cs
  artifactKey: Guid(ca1762a9209b176469d46f600438afc8) Importer(815301076,1909f56bfc062723c751e8b465ee728b)
Start importing Assets/Scripts/TaskMenu.cs using Guid(ca1762a9209b176469d46f600438afc8) Importer(815301076,1909f56bfc062723c751e8b465ee728b)  -> (artifact id: '8de718462e04eca10be10ca66f042842') in 0.004230 seconds
  Import took 0.009453 seconds .

========================================================================
Received Import Request.
  Time since last request: 0.265338 seconds.
  path: Assets/Scripts/TaskJSONParser.cs
  artifactKey: Guid(5c938483efaeb7842a19ccbe86ecd3b9) Importer(815301076,1909f56bfc062723c751e8b465ee728b)
Start importing Assets/Scripts/TaskJSONParser.cs using Guid(5c938483efaeb7842a19ccbe86ecd3b9) Importer(815301076,1909f56bfc062723c751e8b465ee728b)  -> (artifact id: '6d5f3bb8edd49902ad9374ea8e1693e5') in 0.011062 seconds
  Import took 0.017913 seconds .

========================================================================
Received Import Request.
  Time since last request: 0.287863 seconds.
  path: Assets/Scripts/TaskComponent.cs
  artifactKey: Guid(cf24861a61ba7e04085f17bb5024d243) Importer(815301076,1909f56bfc062723c751e8b465ee728b)
Start importing Assets/Scripts/TaskComponent.cs using Guid(cf24861a61ba7e04085f17bb5024d243) Importer(815301076,1909f56bfc062723c751e8b465ee728b)  -> (artifact id: 'effcb247e07cc90bb921489a9e7fd31a') in 0.009457 seconds
  Import took 0.015727 seconds .

========================================================================
Received Import Request.
  Time since last request: 0.001778 seconds.
  path: Assets/Scripts/TaskComponent.cs
  artifactKey: Guid(cf24861a61ba7e04085f17bb5024d243) Importer(815301076,1909f56bfc062723c751e8b465ee728b)
Start importing Assets/Scripts/TaskComponent.cs using Guid(cf24861a61ba7e04085f17bb5024d243) Importer(815301076,1909f56bfc062723c751e8b465ee728b)  -> (artifact id: 'effcb247e07cc90bb921489a9e7fd31a') in 0.004421 seconds
  Import took 0.008379 seconds .

========================================================================
Received Import Request.
  Time since last request: 0.258430 seconds.
  path: Assets/Scripts/Task.cs
  artifactKey: Guid(752d57a9f1321994ba26fc49c64ad674) Importer(815301076,1909f56bfc062723c751e8b465ee728b)
Start importing Assets/Scripts/Task.cs using Guid(752d57a9f1321994ba26fc49c64ad674) Importer(815301076,1909f56bfc062723c751e8b465ee728b)  -> (artifact id: 'd709e5b561c0f7c4070f18e39a952efe') in 0.010193 seconds
  Import took 0.016759 seconds .

========================================================================
Received Import Request.
  Time since last request: 0.312364 seconds.
  path: Assets/Scripts/Storage.cs
  artifactKey: Guid(69d6d3480accbbf4d8cde8443c973b29) Importer(815301076,1909f56bfc062723c751e8b465ee728b)
Start importing Assets/Scripts/Storage.cs using Guid(69d6d3480accbbf4d8cde8443c973b29) Importer(815301076,1909f56bfc062723c751e8b465ee728b)  -> (artifact id: '074a051f9ecc72cfd1cc3aeac8e49760') in 0.009724 seconds
  Import took 0.015970 seconds .

========================================================================
Received Import Request.
  Time since last request: 0.002051 seconds.
  path: Assets/Scripts/Storage.cs
  artifactKey: Guid(69d6d3480accbbf4d8cde8443c973b29) Importer(815301076,1909f56bfc062723c751e8b465ee728b)
Start importing Assets/Scripts/Storage.cs using Guid(69d6d3480accbbf4d8cde8443c973b29) Importer(815301076,1909f56bfc062723c751e8b465ee728b)  -> (artifact id: '074a051f9ecc72cfd1cc3aeac8e49760') in 0.003599 seconds
  Import took 0.007854 seconds .

========================================================================
Received Import Request.
  Time since last request: 0.530428 seconds.
  path: Assets/Scripts/Stats.cs
  artifactKey: Guid(8f638d48e3ebff44eade72224ed54506) Importer(815301076,1909f56bfc062723c751e8b465ee728b)
Start importing Assets/Scripts/Stats.cs using Guid(8f638d48e3ebff44eade72224ed54506) Importer(815301076,1909f56bfc062723c751e8b465ee728b)  -> (artifact id: 'b5421baaea42373e64fb612c51c9749b') in 0.009707 seconds
  Import took 0.015988 seconds .

========================================================================
Received Import Request.
  Time since last request: 0.000481 seconds.
  path: Assets/Scripts/Stats.cs
  artifactKey: Guid(8f638d48e3ebff44eade72224ed54506) Importer(815301076,1909f56bfc062723c751e8b465ee728b)
Start importing Assets/Scripts/Stats.cs using Guid(8f638d48e3ebff44eade72224ed54506) Importer(815301076,1909f56bfc062723c751e8b465ee728b)  -> (artifact id: 'b5421baaea42373e64fb612c51c9749b') in 0.004561 seconds
  Import took 0.009177 seconds .

========================================================================
Received Import Request.
  Time since last request: 0.317458 seconds.
  path: Assets/Scripts/StarCounter.cs
  artifactKey: Guid(bd0d499a8247afe45ac5434e908e80ef) Importer(815301076,1909f56bfc062723c751e8b465ee728b)
Start importing Assets/Scripts/StarCounter.cs using Guid(bd0d499a8247afe45ac5434e908e80ef) Importer(815301076,1909f56bfc062723c751e8b465ee728b)  -> (artifact id: '551f80f24683fdd6e44a0ec85ba955c9') in 0.004471 seconds
  Import took 0.008937 seconds .

========================================================================
Received Import Request.
  Time since last request: 1.303483 seconds.
  path: Assets/Scripts/SaveLoader.cs
  artifactKey: Guid(d0aee025cfcf7254291343156c29626e) Importer(815301076,1909f56bfc062723c751e8b465ee728b)
Start importing Assets/Scripts/SaveLoader.cs using Guid(d0aee025cfcf7254291343156c29626e) Importer(815301076,1909f56bfc062723c751e8b465ee728b)  -> (artifact id: '967b527dfdb92d882b565623cddd85a7') in 0.010327 seconds
  Import took 0.015543 seconds .

========================================================================
Received Import Request.
  Time since last request: 0.348385 seconds.
  path: Assets/Scripts/ResultTriggerScript.cs
  artifactKey: Guid(eca710c476bcd1a4d936e3d2c543e1af) Importer(815301076,1909f56bfc062723c751e8b465ee728b)
Start importing Assets/Scripts/ResultTriggerScript.cs using Guid(eca710c476bcd1a4d936e3d2c543e1af) Importer(815301076,1909f56bfc062723c751e8b465ee728b)  -> (artifact id: '2b57e3aa09c27f696a6a56f3a8662eb9') in 0.011997 seconds
  Import took 0.017199 seconds .

========================================================================
Received Import Request.
  Time since last request: 0.340463 seconds.
  path: Assets/Scripts/RandomCloud.cs
  artifactKey: Guid(357f5b3072804c640b4a9410c2b0f4e3) Importer(815301076,1909f56bfc062723c751e8b465ee728b)
Start importing Assets/Scripts/RandomCloud.cs using Guid(357f5b3072804c640b4a9410c2b0f4e3) Importer(815301076,1909f56bfc062723c751e8b465ee728b)  -> (artifact id: 'cbab36dc3ea05a399020383327fee794') in 0.010299 seconds
  Import took 0.016438 seconds .

========================================================================
Received Import Request.
  Time since last request: 0.000924 seconds.
  path: Assets/Scripts/RandomCloud.cs
  artifactKey: Guid(357f5b3072804c640b4a9410c2b0f4e3) Importer(815301076,1909f56bfc062723c751e8b465ee728b)
Start importing Assets/Scripts/RandomCloud.cs using Guid(357f5b3072804c640b4a9410c2b0f4e3) Importer(815301076,1909f56bfc062723c751e8b465ee728b)  -> (artifact id: 'cbab36dc3ea05a399020383327fee794') in 0.004544 seconds
  Import took 0.008872 seconds .

========================================================================
Received Import Request.
  Time since last request: 2.023697 seconds.
  path: Assets/Animations/Scripts
  artifactKey: Guid(ea3ebf81e753e0740a3982dcd5045027) Importer(815301076,1909f56bfc062723c751e8b465ee728b)
Start importing Assets/Animations/Scripts using Guid(ea3ebf81e753e0740a3982dcd5045027) Importer(815301076,1909f56bfc062723c751e8b465ee728b)  -> (artifact id: '7796ae1353f8ed081e2139d643ad0c0a') in 0.011371 seconds
  Import took 0.016779 seconds .

========================================================================
Received Import Request.
  Time since last request: 1.616103 seconds.
  path: Assets/Animations/Scripts/SkinsMenu.cs
  artifactKey: Guid(a5ad38ae18c97a5488b5be5cf8d8a3b5) Importer(815301076,1909f56bfc062723c751e8b465ee728b)
Start importing Assets/Animations/Scripts/SkinsMenu.cs using Guid(a5ad38ae18c97a5488b5be5cf8d8a3b5) Importer(815301076,1909f56bfc062723c751e8b465ee728b)  -> (artifact id: '17faf9f7f9c40712a4bc4115f9d28531') in 0.010434 seconds
  Import took 0.017029 seconds .

========================================================================
Received Import Request.
  Time since last request: 0.001043 seconds.
  path: Assets/Animations/Scripts/SkinsMenu.cs
  artifactKey: Guid(a5ad38ae18c97a5488b5be5cf8d8a3b5) Importer(815301076,1909f56bfc062723c751e8b465ee728b)
Start importing Assets/Animations/Scripts/SkinsMenu.cs using Guid(a5ad38ae18c97a5488b5be5cf8d8a3b5) Importer(815301076,1909f56bfc062723c751e8b465ee728b)  -> (artifact id: '17faf9f7f9c40712a4bc4115f9d28531') in 0.005493 seconds
  Import took 0.010354 seconds .

========================================================================
Received Import Request.
  Time since last request: 60.388311 seconds.
  path: Assets/TestPrefab/Ball.prefab
  artifactKey: Guid(e228f1d50345c8443b124c8776749c36) Importer(815301076,1909f56bfc062723c751e8b465ee728b)
Start importing Assets/TestPrefab/Ball.prefab using Guid(e228f1d50345c8443b124c8776749c36) Importer(815301076,1909f56bfc062723c751e8b465ee728b)  -> (artifact id: 'd675707da98b2c1c29f2bdf49d14dccb') in 0.075548 seconds
  Import took 0.080643 seconds .

========================================================================
Received Prepare
Registering precompiled user dll's ...
Registered in 0.001346 seconds.
Begin MonoManager ReloadAssembly
Native extension for WindowsStandalone target not found
Refreshing native plugins compatible for Editor in 0.55 ms, found 1 plugins.
Preloading 0 native plugins for Editor in 0.00 ms.
Mono: successfully reloaded assembly
- Completed reload, in  1.103 seconds
Platform modules already initialized, skipping
Switching build target platform(5) subTarget(0) extendedPlatform(0) -> platform(13) subTarget(537395200) extendedPlatform(0)
Refreshing native plugins compatible for Editor in 0.44 ms, found 1 plugins.
Preloading 0 native plugins for Editor in 0.00 ms.
Unloading 1838 Unused Serialized files (Serialized files now loaded: 0)
System memory in use before: 89.7 MB.
System memory in use after: 89.9 MB.

Unloading 7 unused Assets to reduce memory usage. Loaded Objects now: 2404.
Total: 3.056800 ms (FindLiveObjects: 0.354100 ms CreateObjectMapping: 0.075700 ms MarkObjects: 2.599600 ms  DeleteObjects: 0.025600 ms)

AssetImportParameters requested are different than current active one (requested -> active):
  custom:graphics/normal-map-encoding: 01000000000000000000000000000000 -> 02000000000000000000000000000000
========================================================================
Received Prepare
Registering precompiled user dll's ...
Registered in 0.001517 seconds.
Begin MonoManager ReloadAssembly
Native extension for WindowsStandalone target not found
Refreshing native plugins compatible for Editor in 0.87 ms, found 1 plugins.
Preloading 0 native plugins for Editor in 0.00 ms.
Mono: successfully reloaded assembly
- Completed reload, in  1.166 seconds
Platform modules already initialized, skipping
Switching build target platform(5) subTarget(0) extendedPlatform(0) -> platform(13) subTarget(537395200) extendedPlatform(0)
Refreshing native plugins compatible for Editor in 0.42 ms, found 1 plugins.
Preloading 0 native plugins for Editor in 0.00 ms.
Unloading 1838 Unused Serialized files (Serialized files now loaded: 0)
System memory in use before: 89.7 MB.
System memory in use after: 89.9 MB.

Unloading 7 unused Assets to reduce memory usage. Loaded Objects now: 2408.
Total: 2.768200 ms (FindLiveObjects: 0.254400 ms CreateObjectMapping: 0.056100 ms MarkObjects: 2.434000 ms  DeleteObjects: 0.022100 ms)

AssetImportParameters requested are different than current active one (requested -> active):
  custom:graphics/normal-map-encoding: 01000000000000000000000000000000 -> 02000000000000000000000000000000
========================================================================
Received Prepare
Registering precompiled user dll's ...
Registered in 0.001937 seconds.
Begin MonoManager ReloadAssembly
Native extension for WindowsStandalone target not found
Refreshing native plugins compatible for Editor in 0.62 ms, found 1 plugins.
Preloading 0 native plugins for Editor in 0.00 ms.
Mono: successfully reloaded assembly
- Completed reload, in  1.139 seconds
Platform modules already initialized, skipping
Switching build target platform(5) subTarget(0) extendedPlatform(0) -> platform(13) subTarget(537395200) extendedPlatform(0)
Refreshing native plugins compatible for Editor in 0.42 ms, found 1 plugins.
Preloading 0 native plugins for Editor in 0.00 ms.
Unloading 1838 Unused Serialized files (Serialized files now loaded: 0)
System memory in use before: 89.8 MB.
System memory in use after: 89.9 MB.

Unloading 7 unused Assets to reduce memory usage. Loaded Objects now: 2412.
Total: 2.406900 ms (FindLiveObjects: 0.253600 ms CreateObjectMapping: 0.049100 ms MarkObjects: 2.080400 ms  DeleteObjects: 0.022000 ms)

AssetImportParameters requested are different than current active one (requested -> active):
  custom:graphics/normal-map-encoding: 01000000000000000000000000000000 -> 02000000000000000000000000000000
========================================================================
Received Prepare
Registering precompiled user dll's ...
Registered in 0.003764 seconds.
Begin MonoManager ReloadAssembly
Native extension for WindowsStandalone target not found
Refreshing native plugins compatible for Editor in 0.43 ms, found 1 plugins.
Preloading 0 native plugins for Editor in 0.00 ms.
Mono: successfully reloaded assembly
- Completed reload, in  1.242 seconds
Platform modules already initialized, skipping
Switching build target platform(5) subTarget(0) extendedPlatform(0) -> platform(13) subTarget(537395200) extendedPlatform(0)
Refreshing native plugins compatible for Editor in 0.43 ms, found 1 plugins.
Preloading 0 native plugins for Editor in 0.00 ms.
Unloading 1838 Unused Serialized files (Serialized files now loaded: 0)
System memory in use before: 89.8 MB.
System memory in use after: 89.9 MB.

Unloading 7 unused Assets to reduce memory usage. Loaded Objects now: 2416.
Total: 3.453100 ms (FindLiveObjects: 0.286500 ms CreateObjectMapping: 0.067300 ms MarkObjects: 3.066700 ms  DeleteObjects: 0.030300 ms)

AssetImportParameters requested are different than current active one (requested -> active):
  custom:graphics/normal-map-encoding: 01000000000000000000000000000000 -> 02000000000000000000000000000000
========================================================================
Received Prepare
Registering precompiled user dll's ...
Registered in 0.001287 seconds.
Begin MonoManager ReloadAssembly
Native extension for WindowsStandalone target not found
Refreshing native plugins compatible for Editor in 1.03 ms, found 1 plugins.
Preloading 0 native plugins for Editor in 0.00 ms.
Mono: successfully reloaded assembly
- Completed reload, in  1.410 seconds
Platform modules already initialized, skipping
Switching build target platform(5) subTarget(0) extendedPlatform(0) -> platform(13) subTarget(537395200) extendedPlatform(0)
Refreshing native plugins compatible for Editor in 0.43 ms, found 1 plugins.
Preloading 0 native plugins for Editor in 0.00 ms.
Unloading 1838 Unused Serialized files (Serialized files now loaded: 0)
System memory in use before: 89.8 MB.
System memory in use after: 89.9 MB.

Unloading 7 unused Assets to reduce memory usage. Loaded Objects now: 2420.
Total: 4.789800 ms (FindLiveObjects: 1.095200 ms CreateObjectMapping: 0.316500 ms MarkObjects: 3.344700 ms  DeleteObjects: 0.028900 ms)

AssetImportParameters requested are different than current active one (requested -> active):
  custom:graphics/normal-map-encoding: 01000000000000000000000000000000 -> 02000000000000000000000000000000
========================================================================
Received Import Request.
  Time since last request: 1553.475518 seconds.
  path: Assets/Scripts/TaskJSONParser.cs
  artifactKey: Guid(5c938483efaeb7842a19ccbe86ecd3b9) Importer(815301076,1909f56bfc062723c751e8b465ee728b)
Start importing Assets/Scripts/TaskJSONParser.cs using Guid(5c938483efaeb7842a19ccbe86ecd3b9) Importer(815301076,1909f56bfc062723c751e8b465ee728b)  -> (artifact id: 'd354dccd46411b98020b47a45810f41a') in 0.014201 seconds
  Import took 0.020912 seconds .

========================================================================
Received Prepare
Registering precompiled user dll's ...
Registered in 0.001394 seconds.
Begin MonoManager ReloadAssembly
Native extension for WindowsStandalone target not found
Refreshing native plugins compatible for Editor in 0.49 ms, found 1 plugins.
Preloading 0 native plugins for Editor in 0.00 ms.
Mono: successfully reloaded assembly
- Completed reload, in  1.123 seconds
Platform modules already initialized, skipping
Switching build target platform(5) subTarget(0) extendedPlatform(0) -> platform(13) subTarget(537395200) extendedPlatform(0)
Refreshing native plugins compatible for Editor in 0.45 ms, found 1 plugins.
Preloading 0 native plugins for Editor in 0.00 ms.
Unloading 1838 Unused Serialized files (Serialized files now loaded: 0)
System memory in use before: 89.8 MB.
System memory in use after: 89.9 MB.

Unloading 7 unused Assets to reduce memory usage. Loaded Objects now: 2424.
Total: 3.170700 ms (FindLiveObjects: 0.353700 ms CreateObjectMapping: 0.087300 ms MarkObjects: 2.703900 ms  DeleteObjects: 0.023900 ms)

AssetImportParameters requested are different than current active one (requested -> active):
  custom:graphics/normal-map-encoding: 01000000000000000000000000000000 -> 02000000000000000000000000000000
========================================================================
Received Prepare
Registering precompiled user dll's ...
Registered in 0.001501 seconds.
Begin MonoManager ReloadAssembly
Native extension for WindowsStandalone target not found
Refreshing native plugins compatible for Editor in 0.54 ms, found 1 plugins.
Preloading 0 native plugins for Editor in 0.00 ms.
Mono: successfully reloaded assembly
- Completed reload, in  1.552 seconds
Platform modules already initialized, skipping
Switching build target platform(5) subTarget(0) extendedPlatform(0) -> platform(13) subTarget(537395200) extendedPlatform(0)
Refreshing native plugins compatible for Editor in 0.84 ms, found 1 plugins.
Preloading 0 native plugins for Editor in 0.00 ms.
Unloading 1838 Unused Serialized files (Serialized files now loaded: 0)
System memory in use before: 89.8 MB.
System memory in use after: 89.9 MB.

Unloading 7 unused Assets to reduce memory usage. Loaded Objects now: 2428.
Total: 4.312400 ms (FindLiveObjects: 0.457200 ms CreateObjectMapping: 0.070900 ms MarkObjects: 3.760000 ms  DeleteObjects: 0.021300 ms)

AssetImportParameters requested are different than current active one (requested -> active):
  custom:graphics/normal-map-encoding: 01000000000000000000000000000000 -> 02000000000000000000000000000000
========================================================================
Received Prepare
Registering precompiled user dll's ...
Registered in 0.001212 seconds.
Begin MonoManager ReloadAssembly
Native extension for WindowsStandalone target not found
Refreshing native plugins compatible for Editor in 0.63 ms, found 1 plugins.
Preloading 0 native plugins for Editor in 0.00 ms.
Mono: successfully reloaded assembly
- Completed reload, in  1.624 seconds
Platform modules already initialized, skipping
Switching build target platform(5) subTarget(0) extendedPlatform(0) -> platform(13) subTarget(537395200) extendedPlatform(0)
Refreshing native plugins compatible for Editor in 0.66 ms, found 1 plugins.
Preloading 0 native plugins for Editor in 0.00 ms.
Unloading 1838 Unused Serialized files (Serialized files now loaded: 0)
System memory in use before: 89.8 MB.
System memory in use after: 89.9 MB.

Unloading 7 unused Assets to reduce memory usage. Loaded Objects now: 2432.
Total: 3.945600 ms (FindLiveObjects: 0.490200 ms CreateObjectMapping: 0.099600 ms MarkObjects: 3.334100 ms  DeleteObjects: 0.019800 ms)

AssetImportParameters requested are different than current active one (requested -> active):
  custom:graphics/normal-map-encoding: 01000000000000000000000000000000 -> 02000000000000000000000000000000
========================================================================
Received Prepare
Registering precompiled user dll's ...
Registered in 0.001247 seconds.
Begin MonoManager ReloadAssembly
Native extension for WindowsStandalone target not found
Refreshing native plugins compatible for Editor in 0.59 ms, found 1 plugins.
Preloading 0 native plugins for Editor in 0.00 ms.
Mono: successfully reloaded assembly
- Completed reload, in  1.660 seconds
Platform modules already initialized, skipping
Switching build target platform(5) subTarget(0) extendedPlatform(0) -> platform(13) subTarget(537395200) extendedPlatform(0)
Refreshing native plugins compatible for Editor in 0.42 ms, found 1 plugins.
Preloading 0 native plugins for Editor in 0.00 ms.
Unloading 1838 Unused Serialized files (Serialized files now loaded: 0)
System memory in use before: 89.8 MB.
System memory in use after: 89.9 MB.

Unloading 7 unused Assets to reduce memory usage. Loaded Objects now: 2436.
Total: 3.048600 ms (FindLiveObjects: 0.447200 ms CreateObjectMapping: 0.061900 ms MarkObjects: 2.518900 ms  DeleteObjects: 0.018500 ms)

AssetImportParameters requested are different than current active one (requested -> active):
  custom:graphics/normal-map-encoding: 01000000000000000000000000000000 -> 02000000000000000000000000000000
========================================================================
Received Prepare
Registering precompiled user dll's ...
Registered in 0.001424 seconds.
Begin MonoManager ReloadAssembly
Native extension for WindowsStandalone target not found
Refreshing native plugins compatible for Editor in 0.69 ms, found 1 plugins.
Preloading 0 native plugins for Editor in 0.00 ms.
Mono: successfully reloaded assembly
- Completed reload, in  1.585 seconds
Platform modules already initialized, skipping
Switching build target platform(5) subTarget(0) extendedPlatform(0) -> platform(13) subTarget(537395200) extendedPlatform(0)
Refreshing native plugins compatible for Editor in 1.01 ms, found 1 plugins.
Preloading 0 native plugins for Editor in 0.00 ms.
Unloading 1838 Unused Serialized files (Serialized files now loaded: 0)
System memory in use before: 89.8 MB.
System memory in use after: 89.9 MB.

Unloading 7 unused Assets to reduce memory usage. Loaded Objects now: 2440.
Total: 6.026400 ms (FindLiveObjects: 0.455000 ms CreateObjectMapping: 0.216100 ms MarkObjects: 5.302200 ms  DeleteObjects: 0.049600 ms)

AssetImportParameters requested are different than current active one (requested -> active):
  custom:graphics/normal-map-encoding: 01000000000000000000000000000000 -> 02000000000000000000000000000000
========================================================================
Received Prepare
Registering precompiled user dll's ...
Registered in 0.001294 seconds.
Begin MonoManager ReloadAssembly
Native extension for WindowsStandalone target not found
Refreshing native plugins compatible for Editor in 0.56 ms, found 1 plugins.
Preloading 0 native plugins for Editor in 0.00 ms.
Mono: successfully reloaded assembly
- Completed reload, in  1.132 seconds
Platform modules already initialized, skipping
Switching build target platform(5) subTarget(0) extendedPlatform(0) -> platform(13) subTarget(537395200) extendedPlatform(0)
Refreshing native plugins compatible for Editor in 0.45 ms, found 1 plugins.
Preloading 0 native plugins for Editor in 0.00 ms.
Unloading 1838 Unused Serialized files (Serialized files now loaded: 0)
System memory in use before: 89.8 MB.
System memory in use after: 89.9 MB.

Unloading 7 unused Assets to reduce memory usage. Loaded Objects now: 2444.
Total: 3.138700 ms (FindLiveObjects: 0.345800 ms CreateObjectMapping: 0.074500 ms MarkObjects: 2.694000 ms  DeleteObjects: 0.022600 ms)

AssetImportParameters requested are different than current active one (requested -> active):
  custom:graphics/normal-map-encoding: 01000000000000000000000000000000 -> 02000000000000000000000000000000
========================================================================
Received Prepare
Registering precompiled user dll's ...
Registered in 0.001308 seconds.
Begin MonoManager ReloadAssembly
Native extension for WindowsStandalone target not found
Refreshing native plugins compatible for Editor in 0.61 ms, found 1 plugins.
Preloading 0 native plugins for Editor in 0.00 ms.
Mono: successfully reloaded assembly
- Completed reload, in  1.586 seconds
Platform modules already initialized, skipping
Switching build target platform(5) subTarget(0) extendedPlatform(0) -> platform(13) subTarget(537395200) extendedPlatform(0)
Refreshing native plugins compatible for Editor in 1.08 ms, found 1 plugins.
Preloading 0 native plugins for Editor in 0.00 ms.
Unloading 1838 Unused Serialized files (Serialized files now loaded: 0)
System memory in use before: 89.8 MB.
System memory in use after: 90.0 MB.

Unloading 7 unused Assets to reduce memory usage. Loaded Objects now: 2448.
Total: 3.752200 ms (FindLiveObjects: 0.369000 ms CreateObjectMapping: 0.055900 ms MarkObjects: 3.301800 ms  DeleteObjects: 0.023400 ms)

AssetImportParameters requested are different than current active one (requested -> active):
  custom:graphics/normal-map-encoding: 01000000000000000000000000000000 -> 02000000000000000000000000000000
========================================================================
Received Import Request.
  Time since last request: 380.384403 seconds.
  path: Assets/Scenes/Level_1.unity
  artifactKey: Guid(c13a3c686a1c238419c50c807c63e82b) Importer(815301076,1909f56bfc062723c751e8b465ee728b)
Start importing Assets/Scenes/Level_1.unity using Guid(c13a3c686a1c238419c50c807c63e82b) Importer(815301076,1909f56bfc062723c751e8b465ee728b)  -> (artifact id: '64cc54d3fc532be8a4bb0220bd23000f') in 0.021652 seconds
  Import took 0.027693 seconds .

========================================================================
Received Import Request.
  Time since last request: 26.431010 seconds.
  path: Assets/Animations/Scripts/PauseManager.cs
  artifactKey: Guid(1567ec3fd5587f548afea9337bdfa481) Importer(815301076,1909f56bfc062723c751e8b465ee728b)
Start importing Assets/Animations/Scripts/PauseManager.cs using Guid(1567ec3fd5587f548afea9337bdfa481) Importer(815301076,1909f56bfc062723c751e8b465ee728b)  -> (artifact id: '689412dbb6aa0f7dab3e6d6d188b2d14') in 0.015428 seconds
  Import took 0.020482 seconds .

========================================================================
Received Import Request.
  Time since last request: 74.100414 seconds.
  path: Assets/Animations/Scripts/IPauseHandler.cs
  artifactKey: Guid(f7309ef55ab1a554c97bb429f79fa503) Importer(815301076,1909f56bfc062723c751e8b465ee728b)
Start importing Assets/Animations/Scripts/IPauseHandler.cs using Guid(f7309ef55ab1a554c97bb429f79fa503) Importer(815301076,1909f56bfc062723c751e8b465ee728b)  -> (artifact id: 'fb9936cafe9150fc0e227f3a26baff68') in 0.013832 seconds
  Import took 0.019446 seconds .

========================================================================
Received Import Request.
  Time since last request: 5.093967 seconds.
  path: Assets/Animations/Scripts/PauseMenu.cs
  artifactKey: Guid(0a45c4258673cae4eaf0fb86fb407058) Importer(815301076,1909f56bfc062723c751e8b465ee728b)
Start importing Assets/Animations/Scripts/PauseMenu.cs using Guid(0a45c4258673cae4eaf0fb86fb407058) Importer(815301076,1909f56bfc062723c751e8b465ee728b)  -> (artifact id: 'd2a2a0d41426263119ab1b982d7e4191') in 0.010353 seconds
  Import took 0.015459 seconds .

========================================================================
Received Import Request.
  Time since last request: 0.001092 seconds.
  path: Assets/Animations/Scripts/PauseMenu.cs
  artifactKey: Guid(0a45c4258673cae4eaf0fb86fb407058) Importer(815301076,1909f56bfc062723c751e8b465ee728b)
Start importing Assets/Animations/Scripts/PauseMenu.cs using Guid(0a45c4258673cae4eaf0fb86fb407058) Importer(815301076,1909f56bfc062723c751e8b465ee728b)  -> (artifact id: 'd2a2a0d41426263119ab1b982d7e4191') in 0.004598 seconds
  Import took 0.009038 seconds .

========================================================================
Received Prepare
Registering precompiled user dll's ...
Registered in 0.001450 seconds.
Begin MonoManager ReloadAssembly
Native extension for WindowsStandalone target not found
Refreshing native plugins compatible for Editor in 0.44 ms, found 1 plugins.
Preloading 0 native plugins for Editor in 0.00 ms.
Mono: successfully reloaded assembly
- Completed reload, in  1.201 seconds
Platform modules already initialized, skipping
Switching build target platform(5) subTarget(0) extendedPlatform(0) -> platform(13) subTarget(537395200) extendedPlatform(0)
Refreshing native plugins compatible for Editor in 0.62 ms, found 1 plugins.
Preloading 0 native plugins for Editor in 0.00 ms.
Unloading 1838 Unused Serialized files (Serialized files now loaded: 0)
System memory in use before: 90.1 MB.
System memory in use after: 90.2 MB.

Unloading 7 unused Assets to reduce memory usage. Loaded Objects now: 2452.
Total: 4.338500 ms (FindLiveObjects: 0.824000 ms CreateObjectMapping: 0.158300 ms MarkObjects: 3.328900 ms  DeleteObjects: 0.024800 ms)

AssetImportParameters requested are different than current active one (requested -> active):
  custom:graphics/normal-map-encoding: 01000000000000000000000000000000 -> 02000000000000000000000000000000
========================================================================
Received Prepare
Registering precompiled user dll's ...
Registered in 0.001604 seconds.
Begin MonoManager ReloadAssembly
Native extension for WindowsStandalone target not found
Refreshing native plugins compatible for Editor in 0.74 ms, found 1 plugins.
Preloading 0 native plugins for Editor in 0.00 ms.
Mono: successfully reloaded assembly
- Completed reload, in  1.378 seconds
Platform modules already initialized, skipping
Switching build target platform(5) subTarget(0) extendedPlatform(0) -> platform(13) subTarget(537395200) extendedPlatform(0)
Refreshing native plugins compatible for Editor in 0.45 ms, found 1 plugins.
Preloading 0 native plugins for Editor in 0.00 ms.
Unloading 1838 Unused Serialized files (Serialized files now loaded: 0)
System memory in use before: 90.1 MB.
System memory in use after: 90.2 MB.

Unloading 7 unused Assets to reduce memory usage. Loaded Objects now: 2456.
Total: 3.012400 ms (FindLiveObjects: 0.314100 ms CreateObjectMapping: 0.073300 ms MarkObjects: 2.598500 ms  DeleteObjects: 0.024900 ms)

AssetImportParameters requested are different than current active one (requested -> active):
  custom:graphics/normal-map-encoding: 01000000000000000000000000000000 -> 02000000000000000000000000000000
========================================================================
Received Prepare
Registering precompiled user dll's ...
Registered in 0.001362 seconds.
Begin MonoManager ReloadAssembly
Native extension for WindowsStandalone target not found
Refreshing native plugins compatible for Editor in 0.64 ms, found 1 plugins.
Preloading 0 native plugins for Editor in 0.00 ms.
Mono: successfully reloaded assembly
- Completed reload, in  1.195 seconds
Platform modules already initialized, skipping
Switching build target platform(5) subTarget(0) extendedPlatform(0) -> platform(13) subTarget(537395200) extendedPlatform(0)
Refreshing native plugins compatible for Editor in 0.43 ms, found 1 plugins.
Preloading 0 native plugins for Editor in 0.00 ms.
Unloading 1838 Unused Serialized files (Serialized files now loaded: 0)
System memory in use before: 90.1 MB.
System memory in use after: 90.2 MB.

Unloading 7 unused Assets to reduce memory usage. Loaded Objects now: 2460.
Total: 3.044600 ms (FindLiveObjects: 0.302500 ms CreateObjectMapping: 0.059400 ms MarkObjects: 2.658700 ms  DeleteObjects: 0.022300 ms)

AssetImportParameters requested are different than current active one (requested -> active):
  custom:graphics/normal-map-encoding: 01000000000000000000000000000000 -> 02000000000000000000000000000000
========================================================================
Received Prepare
Registering precompiled user dll's ...
Registered in 0.001654 seconds.
Begin MonoManager ReloadAssembly
Native extension for WindowsStandalone target not found
Refreshing native plugins compatible for Editor in 0.46 ms, found 1 plugins.
Preloading 0 native plugins for Editor in 0.00 ms.
Mono: successfully reloaded assembly
- Completed reload, in  1.161 seconds
Platform modules already initialized, skipping
Switching build target platform(5) subTarget(0) extendedPlatform(0) -> platform(13) subTarget(537395200) extendedPlatform(0)
Refreshing native plugins compatible for Editor in 0.43 ms, found 1 plugins.
Preloading 0 native plugins for Editor in 0.00 ms.
Unloading 1838 Unused Serialized files (Serialized files now loaded: 0)
System memory in use before: 90.1 MB.
System memory in use after: 90.2 MB.

Unloading 7 unused Assets to reduce memory usage. Loaded Objects now: 2464.
Total: 3.240200 ms (FindLiveObjects: 0.288400 ms CreateObjectMapping: 0.062900 ms MarkObjects: 2.866000 ms  DeleteObjects: 0.021600 ms)

AssetImportParameters requested are different than current active one (requested -> active):
  custom:graphics/normal-map-encoding: 01000000000000000000000000000000 -> 02000000000000000000000000000000
========================================================================
Received Prepare
Registering precompiled user dll's ...
Registered in 0.001328 seconds.
Begin MonoManager ReloadAssembly
Native extension for WindowsStandalone target not found
Refreshing native plugins compatible for Editor in 0.51 ms, found 1 plugins.
Preloading 0 native plugins for Editor in 0.00 ms.
Mono: successfully reloaded assembly
- Completed reload, in  1.206 seconds
Platform modules already initialized, skipping
Switching build target platform(5) subTarget(0) extendedPlatform(0) -> platform(13) subTarget(537395200) extendedPlatform(0)
Refreshing native plugins compatible for Editor in 0.43 ms, found 1 plugins.
Preloading 0 native plugins for Editor in 0.00 ms.
Unloading 1838 Unused Serialized files (Serialized files now loaded: 0)
System memory in use before: 90.1 MB.
System memory in use after: 90.2 MB.

Unloading 7 unused Assets to reduce memory usage. Loaded Objects now: 2468.
Total: 2.741600 ms (FindLiveObjects: 0.288900 ms CreateObjectMapping: 0.059700 ms MarkObjects: 2.372600 ms  DeleteObjects: 0.018800 ms)

AssetImportParameters requested are different than current active one (requested -> active):
  custom:graphics/normal-map-encoding: 01000000000000000000000000000000 -> 02000000000000000000000000000000
AssetImportWorkerClient::OnTransportError - code=2 error=End of file
